#
# A fatal error has been detected by the Java Runtime Environment:
#
#  SIGSEGV (0xb) at pc=0x00007f55c50e0684, pid=27504, tid=0x00007f55dbebf700
#
# JRE version: Java(TM) SE Runtime Environment (8.0_171-b11) (build 1.8.0_171-b11)
# Java VM: Java HotSpot(TM) 64-Bit Server VM (25.171-b11 mixed mode linux-amd64 compressed oops)
# Problematic frame:
# J 649 C2 java.util.TreeMap.put(Ljava/lang/Object;Ljava/lang/Object;)Ljava/lang/Object; (247 bytes) @ 0x00007f55c50e0684 [0x00007f55c50e0580+0x104]
#
# Failed to write core dump. Core dumps have been disabled. To enable core dumping, try "ulimit -c unlimited" before starting Java again
#
# If you would like to submit a bug report, please visit:
#   http://bugreport.java.com/bugreport/crash.jsp
#

---------------  T H R E A D  ---------------

Current thread (0x00007f55d400e800):  JavaThread "main" [_thread_in_Java, id=27506, stack(0x00007f55dbdbf000,0x00007f55dbec0000)]

siginfo: si_signo: 11 (SIGSEGV), si_code: 1 (SEGV_MAPERR), si_addr: 0x0000000000001ebc

Registers:
RAX=0x00000000dd6a0978, RBX=0x0000000000001ea5, RCX=0x0000000084cc7098, RDX=0x00000000dd6a0968
RSP=0x00007f55dbebe780, RBP=0x0000000000000000, RSI=0x00000000851123c0, RDI=0x000000000000000e
R8 =0x00000000ffffffff, R9 =0x00000000851123f0, R10=0x0000000000001eb0, R11=0x0000000084cc70c0
R12=0x0000000000000000, R13=0x00007f55dbebe870, R14=0x0000000000000000, R15=0x00007f55d400e800
RIP=0x00007f55c50e0684, EFLAGS=0x0000000000010287, CSGSFS=0x002b000000000033, ERR=0x0000000000000004
  TRAPNO=0x000000000000000e

Top of Stack: (sp=0x00007f55dbebe780)
0x00007f55dbebe780:   0000000984b642d0 00000000848f0d70
0x00007f55dbebe790:   0000000084b9a328 0000000084b642d0
0x00007f55dbebe7a0:   84b642d084b642e8 84b6431884b64368
0x00007f55dbebe7b0:   0000000084b9c338 00000000dd6a0920
0x00007f55dbebe7c0:   0000000084b64368 00007f55c50ef565
0x00007f55dbebe7d0:   0000000000000001 00007f55c4fc537f
0x00007f55dbebe7e0:   00000000851123b0 00007f55c510be60
0x00007f55dbebe7f0:   00000000dd6a0950 00007f55c5092aac
0x00007f55dbebe800:   00001ea500000001 0000800084912920
0x00007f55dbebe810:   00000000dd690f00 0000000084932ab0
0x00007f55dbebe820:   851123b000001d41 0000000085112368
0x00007f55dbebe830:   0000000084b641d0 00000000852b44a8
0x00007f55dbebe840:   00000000dd6a08e0 000000008514d5b0
0x00007f55dbebe850:   00007f55dbebe8c8 00007f55c4dec35d
0x00007f55dbebe860:   00007f55dbebe8c8 00007f55c4dec35d
0x00007f55dbebe870:   0000000000001ea5 0000000000001d41
0x00007f55dbebe880:   0000000085112368 00007f55dbebe888
0x00007f55dbebe890:   00007f55afa730b8 00007f55dbebe928
0x00007f55dbebe8a0:   00007f55afa73258 0000000000000000
0x00007f55dbebe8b0:   00007f55afa73188 00007f55dbebe870
0x00007f55dbebe8c0:   00007f55dbebe928 00007f55dbebe970
0x00007f55dbebe8d0:   00007f55c4dec35d 0000000084932ad0
0x00007f55dbebe8e0:   00000000dd690f00 00000000dd6a07b8
0x00007f55dbebe8f0:   0000000084958960 00000000dd6906a0
0x00007f55dbebe900:   00000000852aaf80 0000000084b39548
0x00007f55dbebe910:   000000000000376b 0000000084b39518
0x00007f55dbebe920:   0000000084b394f8 0000000084b394d8
0x00007f55dbebe930:   00007f55dbebe930 00007f55afa724b9
0x00007f55dbebe940:   00007f55dbebe988 00007f55afa72550
0x00007f55dbebe950:   0000000000000000 00007f55afa724e0
0x00007f55dbebe960:   00007f55dbebe928 00007f55dbebe988
0x00007f55dbebe970:   00007f55dbebe9f0 00007f55c4de47a7 

Instructions: (pc=0x00007f55c50e0684)
0x00007f55c50e0664:   8b 59 1c 45 85 db 0f 84 e1 00 00 00 49 8b cb eb
0x00007f55c50e0674:   3e 66 66 66 0f 1f 84 00 00 00 00 00 45 2b 42 0c
0x00007f55c50e0684:   45 85 c0 7d 06 44 8b 59 18 eb 0d 45 85 c0 0f 8e
0x00007f55c50e0694:   74 05 00 00 44 8b 59 1c c4 c1 f9 7e ca 85 05 59 

Register to memory mapping:

RAX=0x00000000dd6a0978 is an oop
java.lang.Integer 
 - klass: 'java/lang/Integer'
RBX=0x0000000000001ea5 is an unknown value
RCX=0x0000000084cc7098 is an oop
java.util.TreeMap$Entry 
 - klass: 'java/util/TreeMap$Entry'
RDX=0x00000000dd6a0968 is an oop
java.lang.Integer 
 - klass: 'java/lang/Integer'
RSP=0x00007f55dbebe780 is pointing into the stack for thread: 0x00007f55d400e800
RBP=0x0000000000000000 is an unknown value
RSI=0x00000000851123c0 is an oop
java.util.TreeMap 
 - klass: 'java/util/TreeMap'
RDI=0x000000000000000e is an unknown value
R8 =0x00000000ffffffff is an unallocated location in the heap
R9 =0x00000000851123f0 is an oop
java.util.TreeMap$Entry 
 - klass: 'java/util/TreeMap$Entry'
R10=0x0000000000001eb0 is an unknown value
R11=0x0000000084cc70c0 is an oop
com.wangyang.pageRank.Matrix$Node 
 - klass: 'com/wangyang/pageRank/Matrix$Node'
R12=0x0000000000000000 is an unknown value
R13=0x00007f55dbebe870 is pointing into the stack for thread: 0x00007f55d400e800
R14=0x0000000000000000 is an unknown value
R15=0x00007f55d400e800 is a thread


Stack: [0x00007f55dbdbf000,0x00007f55dbec0000],  sp=0x00007f55dbebe780,  free space=1021k
Native frames: (J=compiled Java code, j=interpreted, Vv=VM code, C=native code)
J 649 C2 java.util.TreeMap.put(Ljava/lang/Object;Ljava/lang/Object;)Ljava/lang/Object; (247 bytes) @ 0x00007f55c50e0684 [0x00007f55c50e0580+0x104]
J 707 C2 com.wangyang.pageRank.Matrix.insertNode(II)V (37 bytes) @ 0x00007f55c510be60 [0x00007f55c510bc80+0x1e0]
j  com.wangyang.pageRank.PageRanker.build()V+248
j  test.Test1.main([Ljava/lang/String;)V+9
v  ~StubRoutines::call_stub
V  [libjvm.so+0x695b96]  JavaCalls::call_helper(JavaValue*, methodHandle*, JavaCallArguments*, Thread*)+0x1056
V  [libjvm.so+0x6d7292]  jni_invoke_static(JNIEnv_*, JavaValue*, _jobject*, JNICallType, _jmethodID*, JNI_ArgumentPusher*, Thread*)+0x362
V  [libjvm.so+0x6f3afa]  jni_CallStaticVoidMethod+0x17a
C  [libjli.so+0x80ff]  JavaMain+0x81f
C  [libpthread.so.0+0x76ba]  start_thread+0xca


---------------  P R O C E S S  ---------------

Java Threads: ( => current thread )
  0x00007f55d4266800 JavaThread "Service Thread" daemon [_thread_blocked, id=27539, stack(0x00007f55ad831000,0x00007f55ad932000)]
  0x00007f55d4263000 JavaThread "C1 CompilerThread2" daemon [_thread_blocked, id=27538, stack(0x00007f55ad932000,0x00007f55ada33000)]
  0x00007f55d4261000 JavaThread "C2 CompilerThread1" daemon [_thread_blocked, id=27537, stack(0x00007f55ada33000,0x00007f55adb34000)]
  0x00007f55d4259800 JavaThread "C2 CompilerThread0" daemon [_thread_blocked, id=27536, stack(0x00007f55adb34000,0x00007f55adc35000)]
  0x00007f559c001000 JavaThread "JDWP Command Reader" daemon [_thread_in_native, id=27535, stack(0x00007f55adc70000,0x00007f55add71000)]
  0x00007f55d4192000 JavaThread "JDWP Event Helper Thread" daemon [_thread_blocked, id=27534, stack(0x00007f55add71000,0x00007f55ade72000)]
  0x00007f55d418e800 JavaThread "JDWP Transport Listener: dt_socket" daemon [_thread_blocked, id=27531, stack(0x00007f55ade72000,0x00007f55adf73000)]
  0x00007f55d4182000 JavaThread "Signal Dispatcher" daemon [_thread_blocked, id=27528, stack(0x00007f55ae177000,0x00007f55ae278000)]
  0x00007f55d4150000 JavaThread "Finalizer" daemon [_thread_blocked, id=27521, stack(0x00007f55ae278000,0x00007f55ae379000)]
  0x00007f55d414b800 JavaThread "Reference Handler" daemon [_thread_blocked, id=27520, stack(0x00007f55ae379000,0x00007f55ae47a000)]
=>0x00007f55d400e800 JavaThread "main" [_thread_in_Java, id=27506, stack(0x00007f55dbdbf000,0x00007f55dbec0000)]

Other Threads:
  0x00007f55d4144000 VMThread [stack: 0x00007f55ae47a000,0x00007f55ae57b000] [id=27518]
  0x00007f55d426b000 WatcherThread [stack: 0x00007f55ad730000,0x00007f55ad831000] [id=27540]

VM state:not at safepoint (normal execution)

VM Mutex/Monitor currently owned by a thread: None

Heap:
 PSYoungGen      total 263680K, used 124286K [0x00000000d6d80000, 0x00000000e8880000, 0x0000000100000000)
  eden space 248320K, 43% used [0x00000000d6d80000,0x00000000dd7dfbb8,0x00000000e6000000)
  from space 15360K, 100% used [0x00000000e7280000,0x00000000e8180000,0x00000000e8180000)
  to   space 18944K, 0% used [0x00000000e6000000,0x00000000e6000000,0x00000000e7280000)
 ParOldGen       total 84992K, used 19480K [0x0000000084800000, 0x0000000089b00000, 0x00000000d6d80000)
  object space 84992K, 22% used [0x0000000084800000,0x0000000085b06128,0x0000000089b00000)
 Metaspace       used 8110K, capacity 8236K, committed 8320K, reserved 1056768K
  class space    used 818K, capacity 848K, committed 896K, reserved 1048576K

Card table byte_map: [0x00007f55c4647000,0x00007f55c4a24000] byte_map_base: 0x00007f55c4223000

Marking Bits: (ParMarkBitMap*) 0x00007f55db28b280
 Begin Bits: [0x00007f55b0240000, 0x00007f55b2120000)
 End Bits:   [0x00007f55b2120000, 0x00007f55b4000000)

Polling page: 0x00007f55dbedd000

CodeCache: size=245760Kb used=3657Kb max_used=3672Kb free=242102Kb
 bounds [0x00007f55c4de4000, 0x00007f55c5184000, 0x00007f55d3de4000]
 total_blobs=1120 nmethods=822 adapters=220
 compilation: enabled

Compilation events (10 events):
Event: 3.786 Thread 0x00007f55d4259800  818       4       java.lang.ref.ReferenceQueue::reallyPoll (66 bytes)
Event: 3.787 Thread 0x00007f55d4259800 nmethod 818 0x00007f55c5160c10 code [0x00007f55c5160d60, 0x00007f55c5160e98]
Event: 3.920 Thread 0x00007f55d4263000  819       3       com.fasterxml.jackson.core.json.UTF8StreamJsonParser::_skipWS2 (172 bytes)
Event: 3.921 Thread 0x00007f55d4263000 nmethod 819 0x00007f55c516ced0 code [0x00007f55c516d1a0, 0x00007f55c516e698]
Event: 4.001 Thread 0x00007f55d4263000  820       3       com.fasterxml.jackson.core.json.UTF8StreamJsonParser::_finishString2 (321 bytes)
Event: 4.003 Thread 0x00007f55d4263000 nmethod 820 0x00007f55c5177e50 code [0x00007f55c5178240, 0x00007f55c517a7a8]
Event: 4.003 Thread 0x00007f55d4263000  821       3       com.fasterxml.jackson.core.util.TextBuffer::setCurrentLength (6 bytes)
Event: 4.003 Thread 0x00007f55d4263000 nmethod 821 0x00007f55c516cb90 code [0x00007f55c516cce0, 0x00007f55c516ce30]
Event: 4.109 Thread 0x00007f55d4261000  822       4       com.fasterxml.jackson.core.json.UTF8StreamJsonParser::_finishString2 (321 bytes)
Event: 4.136 Thread 0x00007f55d4261000 nmethod 822 0x00007f55c517e7d0 code [0x00007f55c517ea20, 0x00007f55c517f9e0]

GC Heap History (10 events):
Event: 1.968 GC heap before
{Heap before GC invocations=4 (full 0):
 PSYoungGen      total 36864K, used 36862K [0x00000000d6d80000, 0x00000000db580000, 0x0000000100000000)
  eden space 31744K, 100% used [0x00000000d6d80000,0x00000000d8c80000,0x00000000d8c80000)
  from space 5120K, 99% used [0x00000000d8c80000,0x00000000d917fb90,0x00000000d9180000)
  to   space 5120K, 0% used [0x00000000db080000,0x00000000db080000,0x00000000db580000)
 ParOldGen       total 84992K, used 2938K [0x0000000084800000, 0x0000000089b00000, 0x00000000d6d80000)
  object space 84992K, 3% used [0x0000000084800000,0x0000000084ade930,0x0000000089b00000)
 Metaspace       used 8102K, capacity 8236K, committed 8320K, reserved 1056768K
  class space    used 817K, capacity 848K, committed 896K, reserved 1048576K
Event: 1.982 GC heap after
Heap after GC invocations=4 (full 0):
 PSYoungGen      total 68608K, used 5111K [0x00000000d6d80000, 0x00000000db580000, 0x0000000100000000)
  eden space 63488K, 0% used [0x00000000d6d80000,0x00000000d6d80000,0x00000000dab80000)
  from space 5120K, 99% used [0x00000000db080000,0x00000000db57ddc0,0x00000000db580000)
  to   space 5120K, 0% used [0x00000000dab80000,0x00000000dab80000,0x00000000db080000)
 ParOldGen       total 84992K, used 5060K [0x0000000084800000, 0x0000000089b00000, 0x00000000d6d80000)
  object space 84992K, 5% used [0x0000000084800000,0x0000000084cf1358,0x0000000089b00000)
 Metaspace       used 8102K, capacity 8236K, committed 8320K, reserved 1056768K
  class space    used 817K, capacity 848K, committed 896K, reserved 1048576K
}
Event: 2.372 GC heap before
{Heap before GC invocations=5 (full 0):
 PSYoungGen      total 68608K, used 68599K [0x00000000d6d80000, 0x00000000db580000, 0x0000000100000000)
  eden space 63488K, 100% used [0x00000000d6d80000,0x00000000dab80000,0x00000000dab80000)
  from space 5120K, 99% used [0x00000000db080000,0x00000000db57ddc0,0x00000000db580000)
  to   space 5120K, 0% used [0x00000000dab80000,0x00000000dab80000,0x00000000db080000)
 ParOldGen       total 84992K, used 5060K [0x0000000084800000, 0x0000000089b00000, 0x00000000d6d80000)
  object space 84992K, 5% used [0x0000000084800000,0x0000000084cf1358,0x0000000089b00000)
 Metaspace       used 8102K, capacity 8236K, committed 8320K, reserved 1056768K
  class space    used 817K, capacity 848K, committed 896K, reserved 1048576K
Event: 2.385 GC heap after
Heap after GC invocations=5 (full 0):
 PSYoungGen      total 68608K, used 5111K [0x00000000d6d80000, 0x00000000dfc80000, 0x0000000100000000)
  eden space 63488K, 0% used [0x00000000d6d80000,0x00000000d6d80000,0x00000000dab80000)
  from space 5120K, 99% used [0x00000000dab80000,0x00000000db07ddc0,0x00000000db080000)
  to   space 9728K, 0% used [0x00000000df300000,0x00000000df300000,0x00000000dfc80000)
 ParOldGen       total 84992K, used 9256K [0x0000000084800000, 0x0000000089b00000, 0x00000000d6d80000)
  object space 84992K, 10% used [0x0000000084800000,0x000000008510a368,0x0000000089b00000)
 Metaspace       used 8102K, capacity 8236K, committed 8320K, reserved 1056768K
  class space    used 817K, capacity 848K, committed 896K, reserved 1048576K
}
Event: 2.669 GC heap before
{Heap before GC invocations=6 (full 0):
 PSYoungGen      total 68608K, used 68599K [0x00000000d6d80000, 0x00000000dfc80000, 0x0000000100000000)
  eden space 63488K, 100% used [0x00000000d6d80000,0x00000000dab80000,0x00000000dab80000)
  from space 5120K, 99% used [0x00000000dab80000,0x00000000db07ddc0,0x00000000db080000)
  to   space 9728K, 0% used [0x00000000df300000,0x00000000df300000,0x00000000dfc80000)
 ParOldGen       total 84992K, used 9256K [0x0000000084800000, 0x0000000089b00000, 0x00000000d6d80000)
  object space 84992K, 10% used [0x0000000084800000,0x000000008510a368,0x0000000089b00000)
 Metaspace       used 8106K, capacity 8236K, committed 8320K, reserved 1056768K
  class space    used 818K, capacity 848K, committed 896K, reserved 1048576K
Event: 2.687 GC heap after
Heap after GC invocations=6 (full 0):
 PSYoungGen      total 135680K, used 9431K [0x00000000d6d80000, 0x00000000dfe80000, 0x0000000100000000)
  eden space 125952K, 0% used [0x00000000d6d80000,0x00000000d6d80000,0x00000000de880000)
  from space 9728K, 96% used [0x00000000df300000,0x00000000dfc35dc0,0x00000000dfc80000)
  to   space 10752K, 0% used [0x00000000de880000,0x00000000de880000,0x00000000df300000)
 ParOldGen       total 84992K, used 9256K [0x0000000084800000, 0x0000000089b00000, 0x00000000d6d80000)
  object space 84992K, 10% used [0x0000000084800000,0x000000008510a368,0x0000000089b00000)
 Metaspace       used 8106K, capacity 8236K, committed 8320K, reserved 1056768K
  class space    used 818K, capacity 848K, committed 896K, reserved 1048576K
}
Event: 3.189 GC heap before
{Heap before GC invocations=7 (full 0):
 PSYoungGen      total 135680K, used 135383K [0x00000000d6d80000, 0x00000000dfe80000, 0x0000000100000000)
  eden space 125952K, 100% used [0x00000000d6d80000,0x00000000de880000,0x00000000de880000)
  from space 9728K, 96% used [0x00000000df300000,0x00000000dfc35dc0,0x00000000dfc80000)
  to   space 10752K, 0% used [0x00000000de880000,0x00000000de880000,0x00000000df300000)
 ParOldGen       total 84992K, used 9256K [0x0000000084800000, 0x0000000089b00000, 0x00000000d6d80000)
  object space 84992K, 10% used [0x0000000084800000,0x000000008510a368,0x0000000089b00000)
 Metaspace       used 8106K, capacity 8236K, committed 8320K, reserved 1056768K
  class space    used 818K, capacity 848K, committed 896K, reserved 1048576K
Event: 3.214 GC heap after
Heap after GC invocations=7 (full 0):
 PSYoungGen      total 136704K, used 10752K [0x00000000d6d80000, 0x00000000e8180000, 0x0000000100000000)
  eden space 125952K, 0% used [0x00000000d6d80000,0x00000000d6d80000,0x00000000de880000)
  from space 10752K, 100% used [0x00000000de880000,0x00000000df300000,0x00000000df300000)
  to   space 15360K, 0% used [0x00000000e7280000,0x00000000e7280000,0x00000000e8180000)
 ParOldGen       total 84992K, used 15800K [0x0000000084800000, 0x0000000089b00000, 0x00000000d6d80000)
  object space 84992K, 18% used [0x0000000084800000,0x000000008576e128,0x0000000089b00000)
 Metaspace       used 8106K, capacity 8236K, committed 8320K, reserved 1056768K
  class space    used 818K, capacity 848K, committed 896K, reserved 1048576K
}
Event: 3.758 GC heap before
{Heap before GC invocations=8 (full 0):
 PSYoungGen      total 136704K, used 136704K [0x00000000d6d80000, 0x00000000e8180000, 0x0000000100000000)
  eden space 125952K, 100% used [0x00000000d6d80000,0x00000000de880000,0x00000000de880000)
  from space 10752K, 100% used [0x00000000de880000,0x00000000df300000,0x00000000df300000)
  to   space 15360K, 0% used [0x00000000e7280000,0x00000000e7280000,0x00000000e8180000)
 ParOldGen       total 84992K, used 15800K [0x0000000084800000, 0x0000000089b00000, 0x00000000d6d80000)
  object space 84992K, 18% used [0x0000000084800000,0x000000008576e128,0x0000000089b00000)
 Metaspace       used 8107K, capacity 8236K, committed 8320K, reserved 1056768K
  class space    used 818K, capacity 848K, committed 896K, reserved 1048576K
Event: 3.784 GC heap after
Heap after GC invocations=8 (full 0):
 PSYoungGen      total 263680K, used 15360K [0x00000000d6d80000, 0x00000000e8880000, 0x0000000100000000)
  eden space 248320K, 0% used [0x00000000d6d80000,0x00000000d6d80000,0x00000000e6000000)
  from space 15360K, 100% used [0x00000000e7280000,0x00000000e8180000,0x00000000e8180000)
  to   space 18944K, 0% used [0x00000000e6000000,0x00000000e6000000,0x00000000e7280000)
 ParOldGen       total 84992K, used 19480K [0x0000000084800000, 0x0000000089b00000, 0x00000000d6d80000)
  object space 84992K, 22% used [0x0000000084800000,0x0000000085b06128,0x0000000089b00000)
 Metaspace       used 8107K, capacity 8236K, committed 8320K, reserved 1056768K
  class space    used 818K, capacity 848K, committed 896K, reserved 1048576K
}

Deoptimization events (10 events):
Event: 0.998 Thread 0x00007f55d400e800 Uncommon trap: reason=unstable_if action=reinterpret pc=0x00007f55c4ffda08 method=java.lang.StringCoding.decode(Ljava/lang/String;[BII)[C @ 38
Event: 0.998 Thread 0x00007f55d400e800 Uncommon trap: reason=unstable_if action=reinterpret pc=0x00007f55c4ff28c8 method=java.lang.StringCoding.decode(Ljava/lang/String;[BII)[C @ 38
Event: 1.054 Thread 0x00007f55d400e800 Uncommon trap: reason=class_check action=maybe_recompile pc=0x00007f55c505a144 method=java.util.HashMap.putVal(ILjava/lang/Object;Ljava/lang/Object;ZZ)Ljava/lang/Object; @ 91
Event: 1.055 Thread 0x00007f55d400e800 Uncommon trap: reason=class_check action=maybe_recompile pc=0x00007f55c505a144 method=java.util.HashMap.putVal(ILjava/lang/Object;Ljava/lang/Object;ZZ)Ljava/lang/Object; @ 91
Event: 1.055 Thread 0x00007f55d400e800 Uncommon trap: reason=class_check action=maybe_recompile pc=0x00007f55c505a144 method=java.util.HashMap.putVal(ILjava/lang/Object;Ljava/lang/Object;ZZ)Ljava/lang/Object; @ 91
Event: 1.055 Thread 0x00007f55d400e800 Uncommon trap: reason=class_check action=maybe_recompile pc=0x00007f55c505a144 method=java.util.HashMap.putVal(ILjava/lang/Object;Ljava/lang/Object;ZZ)Ljava/lang/Object; @ 91
Event: 1.116 Thread 0x00007f55d400e800 Uncommon trap: reason=unstable_if action=reinterpret pc=0x00007f55c5096d88 method=com.fasterxml.jackson.core.json.UTF8StreamJsonParser._finishAndReturnString()Ljava/lang/String; @ 10
Event: 1.165 Thread 0x00007f55d400e800 Uncommon trap: reason=unstable_if action=reinterpret pc=0x00007f55c50b1c78 method=com.fasterxml.jackson.core.util.TextBuffer.emptyAndGetCurrentSegment()[C @ 34
Event: 1.170 Thread 0x00007f55d400e800 Uncommon trap: reason=unstable_if action=reinterpret pc=0x00007f55c50b5d74 method=com.fasterxml.jackson.core.json.UTF8StreamJsonParser._finishAndReturnString()Ljava/lang/String; @ 84
Event: 3.999 Thread 0x00007f55d400e800 Uncommon trap: reason=unstable_if action=reinterpret pc=0x00007f55c5121f1c method=com.fasterxml.jackson.core.json.UTF8StreamJsonParser._finishString2([CI)V @ 72

Classes redefined (0 events):
No events

Internal exceptions (10 events):
Event: 0.964 Thread 0x00007f55d400e800 Implicit null exception at 0x00007f55c4fe29fc to 0x00007f55c4fe2b01
Event: 0.990 Thread 0x00007f55d400e800 Exception <a 'java/lang/ArrayIndexOutOfBoundsException'> (0x00000000d7b06ab0) thrown at [/HUDSON/workspace/8-2-build-linux-amd64/jdk8u171/10807/hotspot/src/share/vm/runtime/sharedRuntime.cpp, line 605]
Event: 0.990 Thread 0x00007f55d400e800 Exception <a 'java/lang/ArrayIndexOutOfBoundsException'> (0x00000000d7b07930) thrown at [/HUDSON/workspace/8-2-build-linux-amd64/jdk8u171/10807/hotspot/src/share/vm/runtime/sharedRuntime.cpp, line 605]
Event: 0.990 Thread 0x00007f55d400e800 Exception <a 'java/lang/ArrayIndexOutOfBoundsException'> (0x00000000d7b083b0) thrown at [/HUDSON/workspace/8-2-build-linux-amd64/jdk8u171/10807/hotspot/src/share/vm/runtime/sharedRuntime.cpp, line 605]
Event: 0.991 Thread 0x00007f55d400e800 Exception <a 'java/lang/ArrayIndexOutOfBoundsException'> (0x00000000d7b09cf8) thrown at [/HUDSON/workspace/8-2-build-linux-amd64/jdk8u171/10807/hotspot/src/share/vm/runtime/sharedRuntime.cpp, line 605]
Event: 0.991 Thread 0x00007f55d400e800 Exception <a 'java/lang/ArrayIndexOutOfBoundsException'> (0x00000000d7b0ab30) thrown at [/HUDSON/workspace/8-2-build-linux-amd64/jdk8u171/10807/hotspot/src/share/vm/runtime/sharedRuntime.cpp, line 605]
Event: 0.991 Thread 0x00007f55d400e800 Exception <a 'java/lang/ArrayIndexOutOfBoundsException'> (0x00000000d7b0c688) thrown at [/HUDSON/workspace/8-2-build-linux-amd64/jdk8u171/10807/hotspot/src/share/vm/runtime/sharedRuntime.cpp, line 605]
Event: 0.991 Thread 0x00007f55d400e800 Exception <a 'java/lang/ArrayIndexOutOfBoundsException'> (0x00000000d7b0db98) thrown at [/HUDSON/workspace/8-2-build-linux-amd64/jdk8u171/10807/hotspot/src/share/vm/runtime/sharedRuntime.cpp, line 605]
Event: 1.012 Thread 0x00007f55d400e800 Exception <a 'java/lang/ArrayIndexOutOfBoundsException'> (0x00000000d7b55178) thrown at [/HUDSON/workspace/8-2-build-linux-amd64/jdk8u171/10807/hotspot/src/share/vm/runtime/sharedRuntime.cpp, line 605]
Event: 1.036 Thread 0x00007f55d400e800 Exception <a 'java/lang/ArrayIndexOutOfBoundsException'> (0x00000000d7bfbdb0) thrown at [/HUDSON/workspace/8-2-build-linux-amd64/jdk8u171/10807/hotspot/src/share/vm/runtime/sharedRuntime.cpp, line 605]

Events (10 events):
Event: 3.614 Thread 0x00007f55d400e800 DEOPT UNPACKING pc=0x00007f55c4e2b784 sp=0x00007f55dbebca30 mode 1
Event: 3.614 Thread 0x00007f55d400e800 DEOPT PACKING pc=0x00007f55c4f33554 sp=0x00007f55dbebcd40
Event: 3.614 Thread 0x00007f55d400e800 DEOPT UNPACKING pc=0x00007f55c4e2b784 sp=0x00007f55dbebcb80 mode 1
Event: 3.614 Thread 0x00007f55d400e800 DEOPT PACKING pc=0x00007f55c4f332f4 sp=0x00007f55dbebced0
Event: 3.614 Thread 0x00007f55d400e800 DEOPT UNPACKING pc=0x00007f55c4e2b784 sp=0x00007f55dbebcd10 mode 1
Event: 3.758 Executing VM operation: ParallelGCFailedAllocation
Event: 3.784 Executing VM operation: ParallelGCFailedAllocation done
Event: 3.999 Thread 0x00007f55d400e800 Uncommon trap: trap_request=0xffffff65 fr.pc=0x00007f55c5121f1c
Event: 3.999 Thread 0x00007f55d400e800 DEOPT PACKING pc=0x00007f55c5121f1c sp=0x00007f55dbebe580
Event: 3.999 Thread 0x00007f55d400e800 DEOPT UNPACKING pc=0x00007f55c4e2973a sp=0x00007f55dbebe540 mode 2


Dynamic libraries:
00400000-00401000 r-xp 00000000 08:01 10619663                           /home/mysola/applications/jdk1.8.0_171/bin/java
00600000-00601000 rw-p 00000000 08:01 10619663                           /home/mysola/applications/jdk1.8.0_171/bin/java
00bab000-00bcc000 rw-p 00000000 00:00 0                                  [heap]
84800000-89b00000 rw-p 00000000 00:00 0 
89b00000-d6d80000 ---p 00000000 00:00 0 
d6d80000-e8880000 rw-p 00000000 00:00 0 
e8880000-100000000 ---p 00000000 00:00 0 
100000000-1000e0000 rw-p 00000000 00:00 0 
1000e0000-140000000 ---p 00000000 00:00 0 
7f5578000000-7f5578021000 rw-p 00000000 00:00 0 
7f5578021000-7f557c000000 ---p 00000000 00:00 0 
7f5580000000-7f5580290000 rw-p 00000000 00:00 0 
7f5580290000-7f5584000000 ---p 00000000 00:00 0 
7f5584000000-7f5584021000 rw-p 00000000 00:00 0 
7f5584021000-7f5588000000 ---p 00000000 00:00 0 
7f5588000000-7f55885d3000 rw-p 00000000 00:00 0 
7f55885d3000-7f558c000000 ---p 00000000 00:00 0 
7f558c000000-7f558c2e5000 rw-p 00000000 00:00 0 
7f558c2e5000-7f5590000000 ---p 00000000 00:00 0 
7f5590000000-7f5590021000 rw-p 00000000 00:00 0 
7f5590021000-7f5594000000 ---p 00000000 00:00 0 
7f5594000000-7f5594021000 rw-p 00000000 00:00 0 
7f5594021000-7f5598000000 ---p 00000000 00:00 0 
7f5598000000-7f5598021000 rw-p 00000000 00:00 0 
7f5598021000-7f559c000000 ---p 00000000 00:00 0 
7f559c000000-7f559c021000 rw-p 00000000 00:00 0 
7f559c021000-7f55a0000000 ---p 00000000 00:00 0 
7f55a0000000-7f55a0021000 rw-p 00000000 00:00 0 
7f55a0021000-7f55a4000000 ---p 00000000 00:00 0 
7f55a4000000-7f55a4021000 rw-p 00000000 00:00 0 
7f55a4021000-7f55a8000000 ---p 00000000 00:00 0 
7f55a8000000-7f55a8021000 rw-p 00000000 00:00 0 
7f55a8021000-7f55ac000000 ---p 00000000 00:00 0 
7f55ad730000-7f55ad731000 ---p 00000000 00:00 0 
7f55ad731000-7f55ad831000 rw-p 00000000 00:00 0 
7f55ad831000-7f55ad834000 ---p 00000000 00:00 0 
7f55ad834000-7f55ad932000 rw-p 00000000 00:00 0 
7f55ad932000-7f55ad935000 ---p 00000000 00:00 0 
7f55ad935000-7f55ada33000 rw-p 00000000 00:00 0 
7f55ada33000-7f55ada36000 ---p 00000000 00:00 0 
7f55ada36000-7f55adb34000 rw-p 00000000 00:00 0 
7f55adb34000-7f55adb37000 ---p 00000000 00:00 0 
7f55adb37000-7f55adc35000 rw-p 00000000 00:00 0 
7f55adc35000-7f55adc3c000 r--s 00064000 08:01 10094508                   /home/mysola/applications/idea-IU-181.4445.78/lib/rt/debugger-agent.jar
7f55adc3c000-7f55adc42000 r--s 0005b000 08:01 11273004                   /home/mysola/applications/maven-repo/org/jsoup/jsoup/1.11.3/jsoup-1.11.3.jar
7f55adc42000-7f55adc70000 r--s 0027a000 08:01 11273024                   /home/mysola/applications/maven-repo/org/apache/lucene/lucene-core/6.6.1/lucene-core-6.6.1.jar
7f55adc70000-7f55adc73000 ---p 00000000 00:00 0 
7f55adc73000-7f55add71000 rw-p 00000000 00:00 0 
7f55add71000-7f55add74000 ---p 00000000 00:00 0 
7f55add74000-7f55ade72000 rw-p 00000000 00:00 0 
7f55ade72000-7f55ade75000 ---p 00000000 00:00 0 
7f55ade75000-7f55adf73000 rw-p 00000000 00:00 0 
7f55adf73000-7f55adf77000 r-xp 00000000 08:01 10749498                   /home/mysola/applications/jdk1.8.0_171/jre/lib/amd64/libdt_socket.so
7f55adf77000-7f55ae176000 ---p 00004000 08:01 10749498                   /home/mysola/applications/jdk1.8.0_171/jre/lib/amd64/libdt_socket.so
7f55ae176000-7f55ae177000 rw-p 00003000 08:01 10749498                   /home/mysola/applications/jdk1.8.0_171/jre/lib/amd64/libdt_socket.so
7f55ae177000-7f55ae17a000 ---p 00000000 00:00 0 
7f55ae17a000-7f55ae278000 rw-p 00000000 00:00 0 
7f55ae278000-7f55ae27b000 ---p 00000000 00:00 0 
7f55ae27b000-7f55ae379000 rw-p 00000000 00:00 0 
7f55ae379000-7f55ae37c000 ---p 00000000 00:00 0 
7f55ae37c000-7f55ae47a000 rw-p 00000000 00:00 0 
7f55ae47a000-7f55ae47b000 ---p 00000000 00:00 0 
7f55ae47b000-7f55af48a000 rw-p 00000000 00:00 0 
7f55af48a000-7f55af664000 r--s 03d68000 08:01 10749319                   /home/mysola/applications/jdk1.8.0_171/jre/lib/rt.jar
7f55af664000-7f55afda4000 rw-p 00000000 00:00 0 
7f55afda4000-7f55afe64000 ---p 00000000 00:00 0 
7f55afe64000-7f55b4000000 rw-p 00000000 00:00 0 
7f55b4000000-7f55b4021000 rw-p 00000000 00:00 0 
7f55b4021000-7f55b8000000 ---p 00000000 00:00 0 
7f55b8000000-7f55b8021000 rw-p 00000000 00:00 0 
7f55b8021000-7f55bc000000 ---p 00000000 00:00 0 
7f55bc000000-7f55bc021000 rw-p 00000000 00:00 0 
7f55bc021000-7f55c0000000 ---p 00000000 00:00 0 
7f55c0000000-7f55c0021000 rw-p 00000000 00:00 0 
7f55c0021000-7f55c4000000 ---p 00000000 00:00 0 
7f55c4002000-7f55c4015000 r--s 00135000 08:01 11273122                   /home/mysola/applications/maven-repo/com/fasterxml/jackson/core/jackson-databind/2.9.5/jackson-databind-2.9.5.jar
7f55c4015000-7f55c4028000 r--s 00345000 08:01 10749357                   /home/mysola/applications/jdk1.8.0_171/jre/lib/resources.jar
7f55c4028000-7f55c403b000 r--s 000d6000 08:01 10749261                   /home/mysola/applications/jdk1.8.0_171/jre/lib/plugin.jar
7f55c403b000-7f55c40b1000 rw-p 00000000 00:00 0 
7f55c40b1000-7f55c40b2000 ---p 00000000 00:00 0 
7f55c40b2000-7f55c41b2000 rw-p 00000000 00:00 0 
7f55c41b2000-7f55c41b3000 ---p 00000000 00:00 0 
7f55c41b3000-7f55c42b3000 rw-p 00000000 00:00 0 
7f55c42b3000-7f55c42b4000 ---p 00000000 00:00 0 
7f55c42b4000-7f55c43de000 rw-p 00000000 00:00 0 
7f55c43de000-7f55c4647000 ---p 00000000 00:00 0 
7f55c4647000-7f55c4671000 rw-p 00000000 00:00 0 
7f55c4671000-7f55c48d9000 ---p 00000000 00:00 0 
7f55c48d9000-7f55c4968000 rw-p 00000000 00:00 0 
7f55c4968000-7f55c4a23000 ---p 00000000 00:00 0 
7f55c4a23000-7f55c4a33000 rw-p 00000000 00:00 0 
7f55c4a33000-7f55c4de4000 ---p 00000000 00:00 0 
7f55c4de4000-7f55c5184000 rwxp 00000000 00:00 0 
7f55c5184000-7f55d3de4000 ---p 00000000 00:00 0 
7f55d3de4000-7f55d3dff000 r-xp 00000000 08:01 10749531                   /home/mysola/applications/jdk1.8.0_171/jre/lib/amd64/libzip.so
7f55d3dff000-7f55d3fff000 ---p 0001b000 08:01 10749531                   /home/mysola/applications/jdk1.8.0_171/jre/lib/amd64/libzip.so
7f55d3fff000-7f55d4000000 rw-p 0001b000 08:01 10749531                   /home/mysola/applications/jdk1.8.0_171/jre/lib/amd64/libzip.so
7f55d4000000-7f55d4704000 rw-p 00000000 00:00 0 
7f55d4704000-7f55d8000000 ---p 00000000 00:00 0 
7f55d8002000-7f55d8004000 r--s 0001a000 08:01 10094424                   /home/mysola/applications/idea-IU-181.4445.78/lib/idea_rt.jar
7f55d8004000-7f55d8008000 r--s 0004b000 08:01 11273125                   /home/mysola/applications/maven-repo/com/fasterxml/jackson/core/jackson-core/2.9.5/jackson-core-2.9.5.jar
7f55d8008000-7f55d800b000 r--s 0000e000 08:01 11273126                   /home/mysola/applications/maven-repo/com/fasterxml/jackson/core/jackson-annotations/2.9.0/jackson-annotations-2.9.0.jar
7f55d800b000-7f55d800c000 r--s 00000000 08:01 10749243                   /home/mysola/applications/jdk1.8.0_171/jre/lib/management-agent.jar
7f55d800c000-7f55d8027000 r--s 0020c000 08:01 10749237                   /home/mysola/applications/jdk1.8.0_171/jre/lib/deploy.jar
7f55d8027000-7f55d8028000 ---p 00000000 00:00 0 
7f55d8028000-7f55d8128000 rw-p 00000000 00:00 0 
7f55d8128000-7f55d8133000 r-xp 00000000 08:01 8655381                    /lib/x86_64-linux-gnu/libnss_files-2.23.so
7f55d8133000-7f55d8332000 ---p 0000b000 08:01 8655381                    /lib/x86_64-linux-gnu/libnss_files-2.23.so
7f55d8332000-7f55d8333000 r--p 0000a000 08:01 8655381                    /lib/x86_64-linux-gnu/libnss_files-2.23.so
7f55d8333000-7f55d8334000 rw-p 0000b000 08:01 8655381                    /lib/x86_64-linux-gnu/libnss_files-2.23.so
7f55d8334000-7f55d833a000 rw-p 00000000 00:00 0 
7f55d833a000-7f55d8345000 r-xp 00000000 08:01 8655391                    /lib/x86_64-linux-gnu/libnss_nis-2.23.so
7f55d8345000-7f55d8544000 ---p 0000b000 08:01 8655391                    /lib/x86_64-linux-gnu/libnss_nis-2.23.so
7f55d8544000-7f55d8545000 r--p 0000a000 08:01 8655391                    /lib/x86_64-linux-gnu/libnss_nis-2.23.so
7f55d8545000-7f55d8546000 rw-p 0000b000 08:01 8655391                    /lib/x86_64-linux-gnu/libnss_nis-2.23.so
7f55d8546000-7f55d855c000 r-xp 00000000 08:01 8655375                    /lib/x86_64-linux-gnu/libnsl-2.23.so
7f55d855c000-7f55d875b000 ---p 00016000 08:01 8655375                    /lib/x86_64-linux-gnu/libnsl-2.23.so
7f55d875b000-7f55d875c000 r--p 00015000 08:01 8655375                    /lib/x86_64-linux-gnu/libnsl-2.23.so
7f55d875c000-7f55d875d000 rw-p 00016000 08:01 8655375                    /lib/x86_64-linux-gnu/libnsl-2.23.so
7f55d875d000-7f55d875f000 rw-p 00000000 00:00 0 
7f55d875f000-7f55d8767000 r-xp 00000000 08:01 8655377                    /lib/x86_64-linux-gnu/libnss_compat-2.23.so
7f55d8767000-7f55d8966000 ---p 00008000 08:01 8655377                    /lib/x86_64-linux-gnu/libnss_compat-2.23.so
7f55d8966000-7f55d8967000 r--p 00007000 08:01 8655377                    /lib/x86_64-linux-gnu/libnss_compat-2.23.so
7f55d8967000-7f55d8968000 rw-p 00008000 08:01 8655377                    /lib/x86_64-linux-gnu/libnss_compat-2.23.so
7f55d8968000-7f55d8972000 r-xp 00000000 08:01 10749540                   /home/mysola/applications/jdk1.8.0_171/jre/lib/amd64/libinstrument.so
7f55d8972000-7f55d8b71000 ---p 0000a000 08:01 10749540                   /home/mysola/applications/jdk1.8.0_171/jre/lib/amd64/libinstrument.so
7f55d8b71000-7f55d8b72000 rw-p 00009000 08:01 10749540                   /home/mysola/applications/jdk1.8.0_171/jre/lib/amd64/libinstrument.so
7f55d8b72000-7f55d9531000 r--p 00000000 08:01 26352517                   /usr/lib/locale/locale-archive
7f55d9531000-7f55d9533000 r-xp 00000000 08:01 10749500                   /home/mysola/applications/jdk1.8.0_171/jre/lib/amd64/libnpt.so
7f55d9533000-7f55d9733000 ---p 00002000 08:01 10749500                   /home/mysola/applications/jdk1.8.0_171/jre/lib/amd64/libnpt.so
7f55d9733000-7f55d9734000 rw-p 00002000 08:01 10749500                   /home/mysola/applications/jdk1.8.0_171/jre/lib/amd64/libnpt.so
7f55d9734000-7f55d976e000 r-xp 00000000 08:01 10749518                   /home/mysola/applications/jdk1.8.0_171/jre/lib/amd64/libjdwp.so
7f55d976e000-7f55d996d000 ---p 0003a000 08:01 10749518                   /home/mysola/applications/jdk1.8.0_171/jre/lib/amd64/libjdwp.so
7f55d996d000-7f55d996e000 rw-p 00039000 08:01 10749518                   /home/mysola/applications/jdk1.8.0_171/jre/lib/amd64/libjdwp.so
7f55d996e000-7f55d996f000 rw-p 00000000 00:00 0 
7f55d996f000-7f55d999a000 r-xp 00000000 08:01 10749525                   /home/mysola/applications/jdk1.8.0_171/jre/lib/amd64/libjava.so
7f55d999a000-7f55d9b99000 ---p 0002b000 08:01 10749525                   /home/mysola/applications/jdk1.8.0_171/jre/lib/amd64/libjava.so
7f55d9b99000-7f55d9b9b000 rw-p 0002a000 08:01 10749525                   /home/mysola/applications/jdk1.8.0_171/jre/lib/amd64/libjava.so
7f55d9b9b000-7f55d9ba8000 r-xp 00000000 08:01 10749530                   /home/mysola/applications/jdk1.8.0_171/jre/lib/amd64/libverify.so
7f55d9ba8000-7f55d9da8000 ---p 0000d000 08:01 10749530                   /home/mysola/applications/jdk1.8.0_171/jre/lib/amd64/libverify.so
7f55d9da8000-7f55d9daa000 rw-p 0000d000 08:01 10749530                   /home/mysola/applications/jdk1.8.0_171/jre/lib/amd64/libverify.so
7f55d9daa000-7f55d9db1000 r-xp 00000000 08:01 8655436                    /lib/x86_64-linux-gnu/librt-2.23.so
7f55d9db1000-7f55d9fb0000 ---p 00007000 08:01 8655436                    /lib/x86_64-linux-gnu/librt-2.23.so
7f55d9fb0000-7f55d9fb1000 r--p 00006000 08:01 8655436                    /lib/x86_64-linux-gnu/librt-2.23.so
7f55d9fb1000-7f55d9fb2000 rw-p 00007000 08:01 8655436                    /lib/x86_64-linux-gnu/librt-2.23.so
7f55d9fb2000-7f55da0ba000 r-xp 00000000 08:01 8655352                    /lib/x86_64-linux-gnu/libm-2.23.so
7f55da0ba000-7f55da2b9000 ---p 00108000 08:01 8655352                    /lib/x86_64-linux-gnu/libm-2.23.so
7f55da2b9000-7f55da2ba000 r--p 00107000 08:01 8655352                    /lib/x86_64-linux-gnu/libm-2.23.so
7f55da2ba000-7f55da2bb000 rw-p 00108000 08:01 8655352                    /lib/x86_64-linux-gnu/libm-2.23.so
7f55da2bb000-7f55daf94000 r-xp 00000000 08:01 10749507                   /home/mysola/applications/jdk1.8.0_171/jre/lib/amd64/server/libjvm.so
7f55daf94000-7f55db193000 ---p 00cd9000 08:01 10749507                   /home/mysola/applications/jdk1.8.0_171/jre/lib/amd64/server/libjvm.so
7f55db193000-7f55db26d000 rw-p 00cd8000 08:01 10749507                   /home/mysola/applications/jdk1.8.0_171/jre/lib/amd64/server/libjvm.so
7f55db26d000-7f55db2b8000 rw-p 00000000 00:00 0 
7f55db2b8000-7f55db478000 r-xp 00000000 08:01 8655282                    /lib/x86_64-linux-gnu/libc-2.23.so
7f55db478000-7f55db678000 ---p 001c0000 08:01 8655282                    /lib/x86_64-linux-gnu/libc-2.23.so
7f55db678000-7f55db67c000 r--p 001c0000 08:01 8655282                    /lib/x86_64-linux-gnu/libc-2.23.so
7f55db67c000-7f55db67e000 rw-p 001c4000 08:01 8655282                    /lib/x86_64-linux-gnu/libc-2.23.so
7f55db67e000-7f55db682000 rw-p 00000000 00:00 0 
7f55db682000-7f55db685000 r-xp 00000000 08:01 8655306                    /lib/x86_64-linux-gnu/libdl-2.23.so
7f55db685000-7f55db884000 ---p 00003000 08:01 8655306                    /lib/x86_64-linux-gnu/libdl-2.23.so
7f55db884000-7f55db885000 r--p 00002000 08:01 8655306                    /lib/x86_64-linux-gnu/libdl-2.23.so
7f55db885000-7f55db886000 rw-p 00003000 08:01 8655306                    /lib/x86_64-linux-gnu/libdl-2.23.so
7f55db886000-7f55db89c000 r-xp 00000000 08:01 10749149                   /home/mysola/applications/jdk1.8.0_171/lib/amd64/jli/libjli.so
7f55db89c000-7f55dba9b000 ---p 00016000 08:01 10749149                   /home/mysola/applications/jdk1.8.0_171/lib/amd64/jli/libjli.so
7f55dba9b000-7f55dba9c000 rw-p 00015000 08:01 10749149                   /home/mysola/applications/jdk1.8.0_171/lib/amd64/jli/libjli.so
7f55dba9c000-7f55dbab4000 r-xp 00000000 08:01 8655428                    /lib/x86_64-linux-gnu/libpthread-2.23.so
7f55dbab4000-7f55dbcb3000 ---p 00018000 08:01 8655428                    /lib/x86_64-linux-gnu/libpthread-2.23.so
7f55dbcb3000-7f55dbcb4000 r--p 00017000 08:01 8655428                    /lib/x86_64-linux-gnu/libpthread-2.23.so
7f55dbcb4000-7f55dbcb5000 rw-p 00018000 08:01 8655428                    /lib/x86_64-linux-gnu/libpthread-2.23.so
7f55dbcb5000-7f55dbcb9000 rw-p 00000000 00:00 0 
7f55dbcb9000-7f55dbcdf000 r-xp 00000000 08:01 8655254                    /lib/x86_64-linux-gnu/ld-2.23.so
7f55dbcdf000-7f55dbce4000 r--s 0009d000 08:01 10749376                   /home/mysola/applications/jdk1.8.0_171/jre/lib/jsse.jar
7f55dbce4000-7f55dbce6000 r--s 00007000 08:01 10749553                   /home/mysola/applications/jdk1.8.0_171/jre/lib/jfxswt.jar
7f55dbce6000-7f55dbceb000 r--s 00084000 08:01 10749236                   /home/mysola/applications/jdk1.8.0_171/jre/lib/jfr.jar
7f55dbceb000-7f55dbcee000 r--s 0001a000 08:01 10749551                   /home/mysola/applications/jdk1.8.0_171/jre/lib/jce.jar
7f55dbcee000-7f55dbdbf000 rw-p 00000000 00:00 0 
7f55dbdbf000-7f55dbdc2000 ---p 00000000 00:00 0 
7f55dbdc2000-7f55dbec5000 rw-p 00000000 00:00 0 
7f55dbec5000-7f55dbece000 r--s 0006d000 08:01 10749246                   /home/mysola/applications/jdk1.8.0_171/jre/lib/javaws.jar
7f55dbece000-7f55dbed3000 r--s 002f9000 08:01 10749317                   /home/mysola/applications/jdk1.8.0_171/jre/lib/charsets.jar
7f55dbed3000-7f55dbed4000 r--s 00002000 08:01 10094507                   /home/mysola/applications/idea-IU-181.4445.78/lib/rt/debugger-agent-storage.jar
7f55dbed4000-7f55dbedc000 rw-s 00000000 08:01 1183190                    /tmp/hsperfdata_mysola/27504
7f55dbedc000-7f55dbedd000 rw-p 00000000 00:00 0 
7f55dbedd000-7f55dbede000 r--p 00000000 00:00 0 
7f55dbede000-7f55dbedf000 r--p 00025000 08:01 8655254                    /lib/x86_64-linux-gnu/ld-2.23.so
7f55dbedf000-7f55dbee0000 rw-p 00026000 08:01 8655254                    /lib/x86_64-linux-gnu/ld-2.23.so
7f55dbee0000-7f55dbee1000 rw-p 00000000 00:00 0 
7ffe1250b000-7ffe1252d000 rw-p 00000000 00:00 0                          [stack]
7ffe125ec000-7ffe125ef000 r--p 00000000 00:00 0                          [vvar]
7ffe125ef000-7ffe125f1000 r-xp 00000000 00:00 0                          [vdso]
ffffffffff600000-ffffffffff601000 r-xp 00000000 00:00 0                  [vsyscall]

VM Arguments:
jvm_args: -agentlib:jdwp=transport=dt_socket,address=127.0.0.1:42893,suspend=y,server=n -javaagent:/home/mysola/applications/idea-IU-181.4445.78/lib/rt/debugger-agent.jar=file:/tmp/capture.props -Dfile.encoding=UTF-8 
java_command: test.Test1
java_class_path (initial): /home/mysola/applications/jdk1.8.0_171/jre/lib/charsets.jar:/home/mysola/applications/jdk1.8.0_171/jre/lib/deploy.jar:/home/mysola/applications/jdk1.8.0_171/jre/lib/ext/cldrdata.jar:/home/mysola/applications/jdk1.8.0_171/jre/lib/ext/dnsns.jar:/home/mysola/applications/jdk1.8.0_171/jre/lib/ext/jaccess.jar:/home/mysola/applications/jdk1.8.0_171/jre/lib/ext/jfxrt.jar:/home/mysola/applications/jdk1.8.0_171/jre/lib/ext/localedata.jar:/home/mysola/applications/jdk1.8.0_171/jre/lib/ext/nashorn.jar:/home/mysola/applications/jdk1.8.0_171/jre/lib/ext/sunec.jar:/home/mysola/applications/jdk1.8.0_171/jre/lib/ext/sunjce_provider.jar:/home/mysola/applications/jdk1.8.0_171/jre/lib/ext/sunpkcs11.jar:/home/mysola/applications/jdk1.8.0_171/jre/lib/ext/zipfs.jar:/home/mysola/applications/jdk1.8.0_171/jre/lib/javaws.jar:/home/mysola/applications/jdk1.8.0_171/jre/lib/jce.jar:/home/mysola/applications/jdk1.8.0_171/jre/lib/jfr.jar:/home/mysola/applications/jdk1.8.0_171/jre/lib/jfxswt.jar:/home/mysola/applications/jdk1.8.0_171/jre/lib/jsse.jar:/home/mysola/applications/jdk1.8.0_171/jre/lib/management-agent.jar:/home/mysola/applications/jdk1.8.0_171/jre/lib/plugin.jar:/home/mysola/applications/jdk1.8.0_171/jre/lib/resources.jar:/home/mysola/applications/jdk1.8.0_171/jre/lib/rt.jar:/home/mysola/IdeaProjects/graduation/target/test-classes:/home/mysola/IdeaProjects/graduation/target/classes:/home/mysola/applications/maven-repo/org/apache/lucene/lucene-core/6.6.1/lucene-core-6.6.1.jar:/home/mysola/applications/maven-repo/com/fasterxml/jackson/core/jackson-databind/2.9.5/jackson-databind-2.9.5.jar:/home/mysola/applications/maven-repo/com/fasterxml/jackson/core/jackson-annotations/2.9.0/jackson-annotations-2.9.0.jar:/home/mysola/applications/maven-repo/com/fasterxml/jackson/core/jackson-core/2.9.5/jackson-core-2.9.5.jar:/home/mysola/applications/maven-repo/org/jsoup/jsoup/1.11.3/jsoup-1.11.3.jar:/home/mysola/applications/idea-IU-181.4445.78/lib/idea_rt.jar:/home/mysol
Launcher Type: SUN_STANDARD

Environment Variables:
PATH=/home/mysola/bin:/home/mysola/.local/bin:/usr/local/sbin:/usr/local/bin:/usr/sbin:/usr/bin:/sbin:/bin:/usr/games:/usr/local/games:/snap/bin
SHELL=/bin/bash
DISPLAY=:0

Signal Handlers:
SIGSEGV: [libjvm.so+0xad0890], sa_mask[0]=11111111011111111101111111111110, sa_flags=SA_RESTART|SA_SIGINFO
SIGBUS: [libjvm.so+0xad0890], sa_mask[0]=11111111011111111101111111111110, sa_flags=SA_RESTART|SA_SIGINFO
SIGFPE: [libjvm.so+0x928640], sa_mask[0]=11111111011111111101111111111110, sa_flags=SA_RESTART|SA_SIGINFO
SIGPIPE: [libjvm.so+0x928640], sa_mask[0]=11111111011111111101111111111110, sa_flags=SA_RESTART|SA_SIGINFO
SIGXFSZ: [libjvm.so+0x928640], sa_mask[0]=11111111011111111101111111111110, sa_flags=SA_RESTART|SA_SIGINFO
SIGILL: [libjvm.so+0x928640], sa_mask[0]=11111111011111111101111111111110, sa_flags=SA_RESTART|SA_SIGINFO
SIGUSR1: SIG_DFL, sa_mask[0]=00000000000000000000000000000000, sa_flags=none
SIGUSR2: [libjvm.so+0x929ea0], sa_mask[0]=00100000000000000000000000000000, sa_flags=SA_RESTART|SA_SIGINFO
SIGHUP: [libjvm.so+0x92b2a0], sa_mask[0]=11111111011111111101111111111110, sa_flags=SA_RESTART|SA_SIGINFO
SIGINT: [libjvm.so+0x92b2a0], sa_mask[0]=11111111011111111101111111111110, sa_flags=SA_RESTART|SA_SIGINFO
SIGTERM: [libjvm.so+0x92b2a0], sa_mask[0]=11111111011111111101111111111110, sa_flags=SA_RESTART|SA_SIGINFO
SIGQUIT: [libjvm.so+0x92b2a0], sa_mask[0]=11111111011111111101111111111110, sa_flags=SA_RESTART|SA_SIGINFO


---------------  S Y S T E M  ---------------

OS:DISTRIB_ID=Ubuntu
DISTRIB_RELEASE=16.04
DISTRIB_CODENAME=xenial
DISTRIB_DESCRIPTION="Ubuntu 16.04.4 LTS"

uname:Linux 4.13.0-39-generic #44~16.04.1-Ubuntu SMP Thu Apr 5 16:43:10 UTC 2018 x86_64
libc:glibc 2.23 NPTL 2.23 
rlimit: STACK 8192k, CORE 0k, NPROC 31382, NOFILE 1048576, AS infinity
load average:1.34 1.33 1.23

/proc/meminfo:
MemTotal:        8086676 kB
MemFree:          490552 kB
MemAvailable:    3655596 kB
Buffers:          339920 kB
Cached:          3258084 kB
SwapCached:            0 kB
Active:          5400184 kB
Inactive:        1636344 kB
Active(anon):    3450740 kB
Inactive(anon):   420096 kB
Active(file):    1949444 kB
Inactive(file):  1216248 kB
Unevictable:          80 kB
Mlocked:              80 kB
SwapTotal:       8304636 kB
SwapFree:        8304636 kB
Dirty:              3640 kB
Writeback:             0 kB
AnonPages:       3438796 kB
Mapped:           560124 kB
Shmem:            432228 kB
Slab:             368260 kB
SReclaimable:     307284 kB
SUnreclaim:        60976 kB
KernelStack:       15888 kB
PageTables:        65424 kB
NFS_Unstable:          0 kB
Bounce:                0 kB
WritebackTmp:          0 kB
CommitLimit:    12347972 kB
Committed_AS:   11340100 kB
VmallocTotal:   34359738367 kB
VmallocUsed:           0 kB
VmallocChunk:          0 kB
HardwareCorrupted:     0 kB
AnonHugePages:         0 kB
ShmemHugePages:        0 kB
ShmemPmdMapped:        0 kB
CmaTotal:              0 kB
CmaFree:               0 kB
HugePages_Total:       0
HugePages_Free:        0
HugePages_Rsvd:        0
HugePages_Surp:        0
Hugepagesize:       2048 kB
DirectMap4k:      280384 kB
DirectMap2M:     8026112 kB
DirectMap1G:     1048576 kB


CPU:total 4 (initial active 4) (2 cores per cpu, 2 threads per core) family 6 model 61 stepping 4, cmov, cx8, fxsr, mmx, sse, sse2, sse3, ssse3, sse4.1, sse4.2, popcnt, avx, avx2, aes, clmul, erms, 3dnowpref, lzcnt, ht, tsc, tscinvbit, bmi1, bmi2, adx

/proc/cpuinfo:
processor	: 0
vendor_id	: GenuineIntel
cpu family	: 6
model		: 61
model name	: Intel(R) Core(TM) i5-5200U CPU @ 2.20GHz
stepping	: 4
microcode	: 0x11
cpu MHz		: 2494.528
cache size	: 3072 KB
physical id	: 0
siblings	: 4
core id		: 0
cpu cores	: 2
apicid		: 0
initial apicid	: 0
fpu		: yes
fpu_exception	: yes
cpuid level	: 20
wp		: yes
flags		: fpu vme de pse tsc msr pae mce cx8 apic sep mtrr pge mca cmov pat pse36 clflush dts acpi mmx fxsr sse sse2 ss ht tm pbe syscall nx pdpe1gb rdtscp lm constant_tsc arch_perfmon pebs bts rep_good nopl xtopology nonstop_tsc cpuid aperfmperf pni pclmulqdq dtes64 monitor ds_cpl vmx est tm2 ssse3 sdbg fma cx16 xtpr pdcm pcid sse4_1 sse4_2 x2apic movbe popcnt aes xsave avx f16c rdrand lahf_lm abm 3dnowprefetch cpuid_fault epb invpcid_single pti retpoline intel_pt tpr_shadow vnmi flexpriority ept vpid fsgsbase tsc_adjust bmi1 avx2 smep bmi2 erms invpcid rdseed adx smap xsaveopt dtherm ida arat pln pts
bugs		: cpu_meltdown spectre_v1 spectre_v2
bogomips	: 4390.05
clflush size	: 64
cache_alignment	: 64
address sizes	: 39 bits physical, 48 bits virtual
power management:

processor	: 1
vendor_id	: GenuineIntel
cpu family	: 6
model		: 61
model name	: Intel(R) Core(TM) i5-5200U CPU @ 2.20GHz
stepping	: 4
microcode	: 0x11
cpu MHz		: 2679.832
cache size	: 3072 KB
physical id	: 0
siblings	: 4
core id		: 1
cpu cores	: 2
apicid		: 2
initial apicid	: 2
fpu		: yes
fpu_exception	: yes
cpuid level	: 20
wp		: yes
flags		: fpu vme de pse tsc msr pae mce cx8 apic sep mtrr pge mca cmov pat pse36 clflush dts acpi mmx fxsr sse sse2 ss ht tm pbe syscall nx pdpe1gb rdtscp lm constant_tsc arch_perfmon pebs bts rep_good nopl xtopology nonstop_tsc cpuid aperfmperf pni pclmulqdq dtes64 monitor ds_cpl vmx est tm2 ssse3 sdbg fma cx16 xtpr pdcm pcid sse4_1 sse4_2 x2apic movbe popcnt aes xsave avx f16c rdrand lahf_lm abm 3dnowprefetch cpuid_fault epb invpcid_single pti retpoline intel_pt tpr_shadow vnmi flexpriority ept vpid fsgsbase tsc_adjust bmi1 avx2 smep bmi2 erms invpcid rdseed adx smap xsaveopt dtherm ida arat pln pts
bugs		: cpu_meltdown spectre_v1 spectre_v2
bogomips	: 4390.05
clflush size	: 64
cache_alignment	: 64
address sizes	: 39 bits physical, 48 bits virtual
power management:

processor	: 2
vendor_id	: GenuineIntel
cpu family	: 6
model		: 61
model name	: Intel(R) Core(TM) i5-5200U CPU @ 2.20GHz
stepping	: 4
microcode	: 0x11
cpu MHz		: 2494.466
cache size	: 3072 KB
physical id	: 0
siblings	: 4
core id		: 0
cpu cores	: 2
apicid		: 1
initial apicid	: 1
fpu		: yes
fpu_exception	: yes
cpuid level	: 20
wp		: yes
flags		: fpu vme de pse tsc msr pae mce cx8 apic sep mtrr pge mca cmov pat pse36 clflush dts acpi mmx fxsr sse sse2 ss ht tm pbe syscall nx pdpe1gb rdtscp lm constant_tsc arch_perfmon pebs bts rep_good nopl xtopology nonstop_tsc cpuid aperfmperf pni pclmulqdq dtes64 monitor ds_cpl vmx est tm2 ssse3 sdbg fma cx16 xtpr pdcm pcid sse4_1 sse4_2 x2apic movbe popcnt aes xsave avx f16c rdrand lahf_lm abm 3dnowprefetch cpuid_fault epb invpcid_single pti retpoline intel_pt tpr_shadow vnmi flexpriority ept vpid fsgsbase tsc_adjust bmi1 avx2 smep bmi2 erms invpcid rdseed adx smap xsaveopt dtherm ida arat pln pts
bugs		: cpu_meltdown spectre_v1 spectre_v2
bogomips	: 4390.05
clflush size	: 64
cache_alignment	: 64
address sizes	: 39 bits physical, 48 bits virtual
power management:

processor	: 3
vendor_id	: GenuineIntel
cpu family	: 6
model		: 61
model name	: Intel(R) Core(TM) i5-5200U CPU @ 2.20GHz
stepping	: 4
microcode	: 0x11
cpu MHz		: 2679.568
cache size	: 3072 KB
physical id	: 0
siblings	: 4
core id		: 1
cpu cores	: 2
apicid		: 3
initial apicid	: 3
fpu		: yes
fpu_exception	: yes
cpuid level	: 20
wp		: yes
flags		: fpu vme de pse tsc msr pae mce cx8 apic sep mtrr pge mca cmov pat pse36 clflush dts acpi mmx fxsr sse sse2 ss ht tm pbe syscall nx pdpe1gb rdtscp lm constant_tsc arch_perfmon pebs bts rep_good nopl xtopology nonstop_tsc cpuid aperfmperf pni pclmulqdq dtes64 monitor ds_cpl vmx est tm2 ssse3 sdbg fma cx16 xtpr pdcm pcid sse4_1 sse4_2 x2apic movbe popcnt aes xsave avx f16c rdrand lahf_lm abm 3dnowprefetch cpuid_fault epb invpcid_single pti retpoline intel_pt tpr_shadow vnmi flexpriority ept vpid fsgsbase tsc_adjust bmi1 avx2 smep bmi2 erms invpcid rdseed adx smap xsaveopt dtherm ida arat pln pts
bugs		: cpu_meltdown spectre_v1 spectre_v2
bogomips	: 4390.05
clflush size	: 64
cache_alignment	: 64
address sizes	: 39 bits physical, 48 bits virtual
power management:



Memory: 4k page, physical 8086676k(490552k free), swap 8304636k(8304636k free)

vm_info: Java HotSpot(TM) 64-Bit Server VM (25.171-b11) for linux-amd64 JRE (1.8.0_171-b11), built on Mar 28 2018 17:07:08 by "java_re" with gcc 4.3.0 20080428 (Red Hat 4.3.0-8)

time: Sun Apr 22 14:17:34 2018
elapsed time: 4 seconds (0d 0h 0m 4s)

